<?xml version="1.0" encoding="UTF-8"?>
<testsuite xmlns:xsi="http://www.w3.org/2001/XMLSchema-instance" xsi:noNamespaceSchemaLocation="https://maven.apache.org/surefire/maven-failsafe-plugin/xsd/failsafe-test-report-3.0.xsd" version="3.0" name="co.com.ceiba.julian.henao.coordinate.integrationTest.ControllerIT" time="6.437" tests="1" errors="0" skipped="0" failures="0">
  <properties>
[...]
</properties>
  <testcase name="WhenMethodPostSendListWithTwoCoordinatesThenDistanceIsCalculated" classname="co.com.ceiba.julian.henao.coordinate.integrationTest.ControllerIT" time="0.58"/>
</testsuite>